<?xml version="1.0" encoding="UTF-8"?>
<!-- Generated by org.testng.reporters.JUnitReportReporter -->
<testsuite skipped="0" hostname="Olga" name="pack.CucumberJvmTest" tests="3" failures="0" timestamp="09 дек 2018 13:59:27 GMT" time="0.024" errors="0">
  <testcase name="feature" time="0.014" classname="pack.CucumberJvmTest"/>
  <testcase name="feature" time="0.002" classname="pack.CucumberJvmTest"/>
  <testcase name="feature" time="0.008" classname="pack.CucumberJvmTest"/>
</testsuite> <!-- pack.CucumberJvmTest -->
