<?xml version="1.0" encoding="UTF-8"?>
<!-- Generated by org.testng.reporters.JUnitReportReporter -->
<testsuite skipped="0" hostname="Olga" name="ngscenario.CucumberJvmTest" tests="3" failures="0" timestamp="09 дек 2018 13:59:27 GMT" time="17.937" errors="0">
  <testcase name="feature" time="11.278" classname="ngscenario.CucumberJvmTest"/>
  <testcase name="feature" time="3.333" classname="ngscenario.CucumberJvmTest"/>
  <testcase name="feature" time="3.326" classname="ngscenario.CucumberJvmTest"/>
</testsuite> <!-- ngscenario.CucumberJvmTest -->
